<?xml version="1.0" encoding="UTF-8" ?>
<testsuite tests="7" failures="1" name="de.tuberlin.dima.dbt.exercises.bplustree.BPlusTreeTest" time="0.016" errors="0" skipped="0">
  <properties>
[...]
</properties>
  <testcase classname="de.tuberlin.dima.dbt.exercises.bplustree.BPlusTreeTest" name="findNoKeyInChild" time="0.006"/>
  <testcase classname="de.tuberlin.dima.dbt.exercises.bplustree.BPlusTreeTest" name="findNoKeyInLeaf" time="0"/>
  <testcase classname="de.tuberlin.dima.dbt.exercises.bplustree.BPlusTreeTest" name="splitLeafs" time="0.009">
    <failure message="
Expected: [3,5,,] =&gt;
  [1,2,,] =&gt; [a,b,,]
  [3,4,,] =&gt; [c,d,,]
  [5,6,7,] =&gt; [e,f,g,]
     got: &lt;[3,,,] =&gt;
  [1,2,,] =&gt; [a,b,,]
  [3,4,5,6] =&gt; [c,d,e,f]&gt;
" type="java.lang.AssertionError">java.lang.AssertionError: 
Expected: [3,5,,] =&gt;
  [1,2,,] =&gt; [a,b,,]
  [3,4,,] =&gt; [c,d,,]
  [5,6,7,] =&gt; [e,f,g,]
     got: &lt;[3,,,] =&gt;
  [1,2,,] =&gt; [a,b,,]
  [3,4,5,6] =&gt; [c,d,e,f]&gt;

	at org.junit.Assert.assertThat(Assert.java:778)
	at org.junit.Assert.assertThat(Assert.java:736)
	at de.tuberlin.dima.dbt.exercises.bplustree.BPlusTreeTest.splitLeafs(BPlusTreeTest.java:99)
	at java.base/jdk.internal.reflect.NativeMethodAccessorImpl.invoke0(Native Method)
	at java.base/jdk.internal.reflect.NativeMethodAccessorImpl.invoke(NativeMethodAccessorImpl.java:62)
	at java.base/jdk.internal.reflect.DelegatingMethodAccessorImpl.invoke(DelegatingMethodAccessorImpl.java:43)
	at java.base/java.lang.reflect.Method.invoke(Method.java:564)
	at org.junit.runners.model.FrameworkMethod$1.runReflectiveCall(FrameworkMethod.java:44)
	at org.junit.internal.runners.model.ReflectiveCallable.run(ReflectiveCallable.java:15)
	at org.junit.runners.model.FrameworkMethod.invokeExplosively(FrameworkMethod.java:41)
	at org.junit.internal.runners.statements.InvokeMethod.evaluate(InvokeMethod.java:20)
	at org.junit.runners.BlockJUnit4ClassRunner.runChild(BlockJUnit4ClassRunner.java:76)
	at org.junit.runners.BlockJUnit4ClassRunner.runChild(BlockJUnit4ClassRunner.java:50)
	at org.junit.runners.ParentRunner$3.run(ParentRunner.java:193)
	at org.junit.runners.ParentRunner$1.schedule(ParentRunner.java:52)
	at org.junit.runners.ParentRunner.runChildren(ParentRunner.java:191)
	at org.junit.runners.ParentRunner.access$000(ParentRunner.java:42)
	at org.junit.runners.ParentRunner$2.evaluate(ParentRunner.java:184)
	at org.junit.runners.ParentRunner.run(ParentRunner.java:236)
	at org.apache.maven.surefire.junit4.JUnit4Provider.execute(JUnit4Provider.java:252)
	at org.apache.maven.surefire.junit4.JUnit4Provider.executeTestSet(JUnit4Provider.java:141)
	at org.apache.maven.surefire.junit4.JUnit4Provider.invoke(JUnit4Provider.java:112)
	at java.base/jdk.internal.reflect.NativeMethodAccessorImpl.invoke0(Native Method)
	at java.base/jdk.internal.reflect.NativeMethodAccessorImpl.invoke(NativeMethodAccessorImpl.java:62)
	at java.base/jdk.internal.reflect.DelegatingMethodAccessorImpl.invoke(DelegatingMethodAccessorImpl.java:43)
	at java.base/java.lang.reflect.Method.invoke(Method.java:564)
	at org.apache.maven.surefire.util.ReflectionUtils.invokeMethodWithArray(ReflectionUtils.java:189)
	at org.apache.maven.surefire.booter.ProviderFactory$ProviderProxy.invoke(ProviderFactory.java:165)
	at org.apache.maven.surefire.booter.ProviderFactory.invokeProvider(ProviderFactory.java:85)
	at org.apache.maven.surefire.booter.ForkedBooter.runSuitesInProcess(ForkedBooter.java:115)
	at org.apache.maven.surefire.booter.ForkedBooter.main(ForkedBooter.java:75)
</failure>
    <system-out>findLeafNode Function!!
</system-out>
  </testcase>
  <testcase classname="de.tuberlin.dima.dbt.exercises.bplustree.BPlusTreeTest" name="findKeyInChild1" time="0"/>
  <testcase classname="de.tuberlin.dima.dbt.exercises.bplustree.BPlusTreeTest" name="findKeyInLeaf" time="0"/>
  <testcase classname="de.tuberlin.dima.dbt.exercises.bplustree.BPlusTreeTest" name="insertIntoLeaf" time="0"/>
  <testcase classname="de.tuberlin.dima.dbt.exercises.bplustree.BPlusTreeTest" name="findKeyInChild" time="0.001"/>
</testsuite>